#
# There is insufficient memory for the Java Runtime Environment to continue.
# Native memory allocation (malloc) failed to allocate 1048576 bytes for AllocateHeap
# Possible reasons:
#   The system is out of physical RAM or swap space
#   The process is running with CompressedOops enabled, and the Java Heap may be blocking the growth of the native heap
# Possible solutions:
#   Reduce memory load on the system
#   Increase physical memory or swap space
#   Check if swap backing store is full
#   Decrease Java heap size (-Xmx/-Xms)
#   Decrease number of Java threads
#   Decrease Java thread stack sizes (-Xss)
#   Set larger code cache with -XX:ReservedCodeCacheSize=
#   JVM is running with Unscaled Compressed Oops mode in which the Java heap is
#     placed in the first 4GB address space. The Java Heap base address is the
#     maximum limit for the native heap growth. Please use -XX:HeapBaseMinAddress
#     to set the Java Heap base and to place the Java Heap above 4GB virtual address.
# This output file may be truncated or incomplete.
#
#  Out of Memory Error (memory/allocation.inline.hpp:61), pid=9660, tid=0x0000000000004ce4
#
# JRE version:  (8.0_241-b07) (build )
# Java VM: Java HotSpot(TM) 64-Bit Server VM (25.241-b07 mixed mode windows-amd64 compressed oops)
# Failed to write core dump. Minidumps are not enabled by default on client versions of Windows
#

---------------  T H R E A D  ---------------

Current thread (0x000000000280e800):  JavaThread "Unknown thread" [_thread_in_vm, id=19684, stack(0x0000000002830000,0x0000000002930000)]

Stack: [0x0000000002830000,0x0000000002930000]
[error occurred during error reporting (printing stack bounds), id 0xc0000005]

Native frames: (J=compiled Java code, j=interpreted, Vv=VM code, C=native code)


---------------  P R O C E S S  ---------------

Java Threads: ( => current thread )

Other Threads:

=>0x000000000280e800 (exited) JavaThread "Unknown thread" [_thread_in_vm, id=19684, stack(0x0000000002830000,0x0000000002930000)]

VM state:not at safepoint (normal execution)

VM Mutex/Monitor currently owned by a thread: None

heap address: 0x0000000081800000, size: 2024 MB, Compressed Oops mode: 32-bit
Narrow klass base: 0x0000000000000000, Narrow klass shift: 3
Compressed class space size: 1073741824 Address: 0x0000000100000000

Heap:
 PSYoungGen      total 38400K, used 665K [0x00000000d5d80000, 0x00000000d8800000, 0x0000000100000000)
  eden space 33280K, 2% used [0x00000000d5d80000,0x00000000d5e26670,0x00000000d7e00000)
  from space 5120K, 0% used [0x00000000d8300000,0x00000000d8300000,0x00000000d8800000)
  to   space 5120K, 0% used [0x00000000d7e00000,0x00000000d7e00000,0x00000000d8300000)
 ParOldGen       total 87552K, used 0K [0x0000000081800000, 0x0000000086d80000, 0x00000000d5d80000)
  object space 87552K, 0% used [0x0000000081800000,0x0000000081800000,0x0000000086d80000)
 Metaspace       used 752K, capacity 4480K, committed 4480K, reserved 1056768K
  class space    used 76K, capacity 384K, committed 384K, reserved 1048576K

Card table byte_map: [0x0000000011fd0000,0x00000000123d0000] byte_map_base: 0x0000000011bc4000

Marking Bits: (ParMarkBitMap*) 0x0000000072f5be30
 Begin Bits: [0x0000000012e80000, 0x0000000014e20000)
 End Bits:   [0x0000000014e20000, 0x0000000016dc0000)

Polling page: 0x0000000000a70000

CodeCache: size=245760Kb used=328Kb max_used=328Kb free=245431Kb
 bounds [0x0000000002c10000, 0x0000000002e80000, 0x0000000011c10000]
 total_blobs=58 nmethods=0 adapters=38
 compilation: enabled

Compilation events (0 events):
No events

GC Heap History (0 events):
No events

Deoptimization events (0 events):
No events

Classes redefined (0 events):
No events

Internal exceptions (0 events):
No events

Events (10 events):
Event: 0.027 loading class java/lang/Short
Event: 0.027 loading class java/lang/Short done
Event: 0.027 loading class java/lang/Integer
Event: 0.027 loading class java/lang/Integer done
Event: 0.027 loading class java/lang/Long
Event: 0.027 loading class java/lang/Long done
Event: 0.028 loading class java/lang/NullPointerException
Event: 0.028 loading class java/lang/NullPointerException done
Event: 0.028 loading class java/lang/ArithmeticException
Event: 0.028 loading class java/lang/ArithmeticException done


Dynamic libraries:
0x00007ff600a90000 - 0x00007ff600ac7000 	C:\Program Files\Java\jre1.8.0_241\bin\javaw.exe
0x0000000000ab0000 - 0x0000000000ca0000 	C:\WINDOWS\SYSTEM32\ntd1l.dll
0x0000000000970000 - 0x0000000000a22000 	C:\WINDOWS\System32\kern3l32.dll
0x00007fff3cd20000 - 0x00007fff3cf10000 	C:\WINDOWS\SYSTEM32\ntdll.dll
0x00007fff3aee0000 - 0x00007fff3af92000 	C:\WINDOWS\System32\KERNEL32.DLL
0x00007fff3a700000 - 0x00007fff3a9a3000 	C:\WINDOWS\System32\KERNELBASE.dll
0x00007fff39840000 - 0x00007fff399d6000 	C:\Program Files\SentinelOne\Sentinel Agent 4.0.3.53\InProcessClient64.dll
0x00007fff3cb00000 - 0x00007fff3cba3000 	C:\WINDOWS\System32\ADVAPI32.dll
0x00007fff3bfa0000 - 0x00007fff3c03e000 	C:\WINDOWS\System32\msvcrt.dll
0x00007fff3add0000 - 0x00007fff3ae67000 	C:\WINDOWS\System32\sechost.dll
0x00007fff3b130000 - 0x00007fff3b250000 	C:\WINDOWS\System32\RPCRT4.dll
0x00007fff3b470000 - 0x00007fff3b604000 	C:\WINDOWS\System32\USER32.dll
0x00007fff3ada0000 - 0x00007fff3adc1000 	C:\WINDOWS\System32\win32u.dll
0x00007fff3b690000 - 0x00007fff3b6b6000 	C:\WINDOWS\System32\GDI32.dll
0x00007fff39de0000 - 0x00007fff39f74000 	C:\WINDOWS\System32\gdi32full.dll
0x00007fff3ab70000 - 0x00007fff3ac0e000 	C:\WINDOWS\System32\msvcp_win.dll
0x00007fff39ce0000 - 0x00007fff39dda000 	C:\WINDOWS\System32\ucrtbase.dll
0x00007fff2ce90000 - 0x00007fff2d115000 	C:\WINDOWS\WinSxS\amd64_microsoft.windows.common-controls_6595b64144ccf1df_6.0.18362.778_none_e6c6b761130d4fb8\COMCTL32.dll
0x00007fff3c610000 - 0x00007fff3c946000 	C:\WINDOWS\System32\combase.dll
0x00007fff3ac10000 - 0x00007fff3ac90000 	C:\WINDOWS\System32\bcryptPrimitives.dll
0x00007fff3b440000 - 0x00007fff3b46e000 	C:\WINDOWS\System32\IMM32.DLL
0x00007fff39830000 - 0x00007fff3983a000 	C:\WINDOWS\SYSTEM32\VERSION.dll
0x0000000073e70000 - 0x0000000073f42000 	C:\Program Files\Java\jre1.8.0_241\bin\msvcr100.dll
0x0000000072730000 - 0x0000000072fdc000 	C:\Program Files\Java\jre1.8.0_241\bin\server\jvm.dll
0x00007fff3cbb0000 - 0x00007fff3cbb8000 	C:\WINDOWS\System32\PSAPI.DLL
0x00007fff2d180000 - 0x00007fff2d189000 	C:\WINDOWS\SYSTEM32\WSOCK32.dll
0x00007fff3b620000 - 0x00007fff3b68f000 	C:\WINDOWS\System32\WS2_32.dll
0x00007fff30420000 - 0x00007fff30444000 	C:\WINDOWS\SYSTEM32\WINMM.dll
0x00007fff303f0000 - 0x00007fff3041d000 	C:\WINDOWS\SYSTEM32\WINMMBASE.dll
0x00007fff3ab20000 - 0x00007fff3ab6a000 	C:\WINDOWS\System32\cfgmgr32.dll
0x00007fff36080000 - 0x00007fff3608f000 	C:\Program Files\Java\jre1.8.0_241\bin\verify.dll
0x00007fff33f50000 - 0x00007fff33f79000 	C:\Program Files\Java\jre1.8.0_241\bin\java.dll
0x00007fff30f20000 - 0x00007fff30f43000 	C:\Program Files\Java\jre1.8.0_241\bin\instrument.dll
0x00007fff355b0000 - 0x00007fff355c6000 	C:\Program Files\Java\jre1.8.0_241\bin\zip.dll

VM Arguments:
jvm_args: -javaagent:C:\Users\Menuka\eclipse\jee-2019-12\eclipse\configuration\org.eclipse.osgi\927\0\.cp\jacocoagent.jar=includes=*,excludes=,exclclassloader=sun.reflect.DelegatingClassLoader,output=tcpclient,port=60665 -Dfile.encoding=Cp1252 
java_command: com.mysql.jdbc.DocsConnectionPropsHelper
java_class_path (initial): D:\SLIIT\e-channeling\build\classes;D:\SLIIT\e-channeling\WebContent\WEB-INF\lib\javax.servlet-api-3.0.1.jar;D:\SLIIT\e-channeling\WebContent\WEB-INF\lib\javax.servlet.jsp.jstl-1.2.1.jar;D:\SLIIT\e-channeling\WebContent\WEB-INF\lib\jtds-1.3.1.jar;D:\SLIIT\e-channeling\WebContent\WEB-INF\lib\mysql-connector-java-5.1.6.jar;C:\Users\Menuka\eclipse\jee-2019-12\eclipse\configuration\org.eclipse.osgi\927\0\.cp\jacocoagent.jar
Launcher Type: SUN_STANDARD

Environment Variables:
JAVA_HOME=C:\Program Files\Java\jdk1.8.0_241
PATH=C:/Program Files/Java/jre1.8.0_241/bin/server;C:/Program Files/Java/jre1.8.0_241/bin;C:/Program Files/Java/jre1.8.0_241/lib/amd64;C:\Program Files (x86)\Common Files\Oracle\Java\javapath;D:\OraHome_1\jre\1.4.2\bin\client;D:\OraHome_1\jre\1.4.2\bin;D:\DevSuiteHome_1\jdk\jre\bin\classic;D:\DevSuiteHome_1\jdk\jre\bin;D:\DevSuiteHome_1\jdk\jre\bin\client;D:\DevSuiteHome_1\jlib;D:\DevSuiteHome_1\bin;D:\DevSuiteHome_1\jre\1.4.2\bin\client;D:\DevSuiteHome_1\jre\1.4.2\bin;C:\Windows\system32;C:\Windows;C:\Windows\System32\Wbem;C:\Windows\System32\WindowsPowerShell\v1.0\;C:\Windows\System32\OpenSSH\;C:\Program Files (x86)\Windows Live\Shared;D:\ProgramFiles\TortoiseSVN\bin;D:\ProgramFiles\PuTTY\;C:\Program Files\apache-maven-3.6.0\bin;C:\Program Files\Java\jdk1.8.0_241\bin;C:\Program Files\Java\jdk1.8.0_241\jre;D:\ProgramFiles\EmEditor;D:\DevSuiteHome_1\perl\5.6.1\bin\MSWin32-x86;D:\DevSuiteHome_1\OPatch;C:\Program Files\Git\cmd;C:\Program Files\Kubernetes\Minikube;C:\HashiCorp\Vagrant\bin;;C:\WINDOWS\system32;C:\WINDOWS;C:\WINDOWS\System32\Wbem;C:\WINDOWS\System32\WindowsPowerShell\v1.0\;C:\WINDOWS\System32\OpenSSH\;C:\Users\Menuka\AppData\Local\Microsoft\WindowsApps;C:\Users\Menuka\AppData\Local\Programs\Microsoft VS Code\bin;C:\Users\Menuka\AppData\Local\JetBrains\IntelliJ IDEA 2019.3.1\bin;;C:\Users\Menuka\AppData\Local\Programs\Git\cmd;;C:\WINDOWS\System32;
USERNAME=Menuka
OS=Windows_NT
PROCESSOR_IDENTIFIER=Intel64 Family 6 Model 142 Stepping 10, GenuineIntel



---------------  S Y S T E M  ---------------

OS: Windows 10.0 , 64 bit Build 18362 (10.0.18362.778)

CPU:total 8 (initial active 8) (4 cores per cpu, 2 threads per core) family 6 model 142 stepping 10, cmov, cx8, fxsr, mmx, sse, sse2, sse3, ssse3, sse4.1, sse4.2, popcnt, avx, avx2, aes, clmul, erms, 3dnowpref, lzcnt, ht, tsc, tscinvbit, bmi1, bmi2, adx

Memory: 4k page, physical 8282888k(887556k free), swap 12477192k(5660k free)

vm_info: Java HotSpot(TM) 64-Bit Server VM (25.241-b07) for windows-amd64 JRE (1.8.0_241-b07), built on Dec 11 2019 10:21:40 by "rejava" with MS VC++ 10.0 (VS2010)

time: Fri Apr 17 22:02:50 2020
timezone: Sri Lanka Standard Time
elapsed time: 0 seconds (0d 0h 0m 0s)

